12/15/2013 03:07:30 PM Spin Up initiated
12/15/2013 03:07:30 PM Model configName = /Users/Jessica/FMbeta/code/firnmodel/-s, spin = True
12/15/2013 03:07:44 PM Spin Up initiated
12/15/2013 03:07:44 PM Model configName = /Users/Jessica/FMbeta/code/firnmodel/-s, spin = True
12/15/2013 03:09:31 PM Spin Up initiated
12/15/2013 03:09:31 PM Model configName = /Users/Jessica/FMbeta/code/firnmodel/-s, spin = True
12/15/2013 03:10:03 PM Spin Up initiated
12/15/2013 03:10:03 PM Model configName = /Users/Jessica/FMbeta/code/firnmodel/configHL.json, spin = True
12/15/2013 03:10:03 PM The physics are HLSigfus
12/15/2013 03:11:00 PM Spin Up initiated
12/15/2013 03:11:00 PM Model configName = /Users/Jessica/FMbeta/code/firnmodel/configHL.json, spin = True
12/15/2013 03:11:00 PM The physics are HLSigfus
12/15/2013 03:11:31 PM Spin Up initiated
12/15/2013 03:11:31 PM Model configName = /Users/Jessica/FMbeta/code/firnmodel/configHL, spin = True
12/15/2013 03:11:56 PM Spin Up initiated
12/15/2013 03:11:56 PM Model configName = /Users/Jessica/FMbeta/code/firnmodel/configHL.json, spin = True
12/15/2013 03:11:56 PM The physics are HLSigfus
12/15/2013 03:15:02 PM Model run initiated
12/15/2013 03:15:02 PM Model configName = /Users/Jessica/FMbeta/code/firnmodel/configHL.json, spin = False
12/15/2013 03:15:02 PM The physics are HLSigfus
12/15/2013 03:15:09 PM Model run initiated
12/15/2013 03:15:09 PM Model configName = /Users/Jessica/FMbeta/code/firnmodel/configHL.json, spin = False
12/15/2013 03:15:09 PM The physics are HLSigfus
12/15/2013 03:18:55 PM Model run initiated
12/15/2013 03:18:55 PM Model configName = /Users/Jessica/FMbeta/code/firnmodel/configHL.json, spin = False
12/15/2013 03:18:55 PM The physics are HLSigfus
12/15/2013 03:24:32 PM Model run initiated
12/15/2013 03:24:32 PM Model configName = /Users/Jessica/FMbeta/code/firnmodel/configHL.json, spin = False
12/15/2013 03:24:32 PM The physics are HLSigfus
12/15/2013 03:24:59 PM Model run initiated
12/15/2013 03:24:59 PM Model configName = /Users/Jessica/FMbeta/code/firnmodel/configHL.json, spin = False
12/15/2013 03:24:59 PM The physics are HLSigfus
12/15/2013 03:27:22 PM Model run initiated
12/15/2013 03:27:22 PM Model configName = /Users/Jessica/FMbeta/code/firnmodel/configHL.json, spin = False
12/15/2013 03:27:22 PM The physics are HLSigfus
12/15/2013 03:27:50 PM Model run initiated
12/15/2013 03:27:50 PM Model configName = /Users/Jessica/FMbeta/code/firnmodel/configHL.json, spin = False
12/15/2013 03:27:50 PM The physics are HLSigfus
12/15/2013 03:30:49 PM spin up years = 10
12/15/2013 03:30:49 PM spin up steps per year = 1
12/15/2013 03:30:49 PM model run years = 200
12/15/2013 03:30:49 PM model run steps per year = 1.0
