This is pdfTeX, Version 3.1415926-2.4-1.40.13 (MiKTeX 2.9 64-bit) (preloaded format=pdflatex 2013.7.1)  16 OCT 2013 17:01
entering extended mode
**C:/Users/Paul/Documents/GitHub/FMbeta/manual/var_table.tex
(C:/Users/Paul/Documents/GitHub/FMbeta/manual/var_table.tex
LaTeX2e <2011/06/27>
Babel <v3.8m> and hyphenation patterns for english, afrikaans, ancientgreek, ar
abic, armenian, assamese, basque, bengali, bokmal, bulgarian, catalan, coptic, 
croatian, czech, danish, dutch, esperanto, estonian, farsi, finnish, french, ga
lician, german, german-x-2012-05-30, greek, gujarati, hindi, hungarian, iceland
ic, indonesian, interlingua, irish, italian, kannada, kurmanji, latin, latvian,
 lithuanian, malayalam, marathi, mongolian, mongolianlmc, monogreek, ngerman, n
german-x-2012-05-30, nynorsk, oriya, panjabi, pinyin, polish, portuguese, roman
ian, russian, sanskrit, serbian, slovak, slovenian, spanish, swedish, swissgerm
an, tamil, telugu, turkish, turkmen, ukenglish, ukrainian, uppersorbian, usengl
ishmax, welsh, loaded.
(C:\Users\Paul\Documents\MikTex\tex\latex\base\article.cls
Document Class: article 2007/10/19 v1.4h Standard LaTeX document class
(C:\Users\Paul\Documents\MikTex\tex\latex\base\size11.clo
File: size11.clo 2007/10/19 v1.4h Standard LaTeX file (size option)
)
\c@part=\count79
\c@section=\count80
\c@subsection=\count81
\c@subsubsection=\count82
\c@paragraph=\count83
\c@subparagraph=\count84
\c@figure=\count85
\c@table=\count86
\abovecaptionskip=\skip41
\belowcaptionskip=\skip42
\bibindent=\dimen102
)
(C:\Users\Paul\Documents\MikTex\tex\latex\tools\longtable.sty
Package: longtable 2004/02/01 v4.11 Multi-page Table package (DPC)
\LTleft=\skip43
\LTright=\skip44
\LTpre=\skip45
\LTpost=\skip46
\LTchunksize=\count87
\LTcapwidth=\dimen103
\LT@head=\box26
\LT@firsthead=\box27
\LT@foot=\box28
\LT@lastfoot=\box29
\LT@cols=\count88
\LT@rows=\count89
\c@LT@tables=\count90
\c@LT@chunks=\count91
\LT@p@ftn=\toks14
)
(C:\Users\Paul\Documents\GitHub\FMbeta\manual\var_table.aux)
LaTeX Font Info:    Checking defaults for OML/cmm/m/it on input line 5.
LaTeX Font Info:    ... okay on input line 5.
LaTeX Font Info:    Checking defaults for T1/cmr/m/n on input line 5.
LaTeX Font Info:    ... okay on input line 5.
LaTeX Font Info:    Checking defaults for OT1/cmr/m/n on input line 5.
LaTeX Font Info:    ... okay on input line 5.
LaTeX Font Info:    Checking defaults for OMS/cmsy/m/n on input line 5.
LaTeX Font Info:    ... okay on input line 5.
LaTeX Font Info:    Checking defaults for OMX/cmex/m/n on input line 5.
LaTeX Font Info:    ... okay on input line 5.
LaTeX Font Info:    Checking defaults for U/cmr/m/n on input line 5.
LaTeX Font Info:    ... okay on input line 5.
LaTeX Font Info:    External font `cmex10' loaded for size
(Font)              <10.95> on input line 12.
LaTeX Font Info:    External font `cmex10' loaded for size
(Font)              <8> on input line 12.
LaTeX Font Info:    External font `cmex10' loaded for size
(Font)              <6> on input line 12.

Overfull \hbox (94.17885pt too wide) in alignment at lines 7--108
 [] [] [] [] [] 
 []


Underfull \vbox (badness 10000) detected at line 108
 []


Overfull \hbox (94.17885pt too wide) in alignment at lines 108--209
 [] [] [] [] [] 
 []


Overfull \hbox (94.17885pt too wide) in alignment at lines 209--310
 [] [] [] [] [] 
 []


Overfull \hbox (94.17885pt too wide) in alignment at lines 310--385
 [] [] [] [] [] 
 []

[1

{C:/Users/Paul/AppData/Local/MiKTeX/2.9/pdftex/config/pdftex.map}]
(C:\Users\Paul\Documents\GitHub\FMbeta\manual\var_table.bbl [2]) [3]
(C:\Users\Paul\Documents\GitHub\FMbeta\manual\var_table.aux) ) 
Here is how much of TeX's memory you used:
 328 strings out of 493921
 4018 string characters out of 3146885
 86155 words of memory out of 3000000
 3689 multiletter control sequences out of 15000+200000
 7330 words of font info for 26 fonts, out of 3000000 for 9000
 841 hyphenation exceptions out of 8191
 21i,6n,19p,186b,203s stack positions out of 5000i,500n,10000p,200000b,50000s
<C:/Users/Paul/Do
cuments/MikTex/fonts/type1/public/amsfonts/cm/cmbx12.pfb><C:/Users/Paul/Documen
ts/MikTex/fonts/type1/public/amsfonts/cm/cmmi10.pfb><C:/Users/Paul/Documents/Mi
kTex/fonts/type1/public/amsfonts/cm/cmmi8.pfb><C:/Users/Paul/Documents/MikTex/f
onts/type1/public/amsfonts/cm/cmr10.pfb><C:/Users/Paul/Documents/MikTex/fonts/t
ype1/public/amsfonts/cm/cmr8.pfb><C:/Users/Paul/Documents/MikTex/fonts/type1/pu
blic/amsfonts/cm/cmsy10.pfb><C:/Users/Paul/Documents/MikTex/fonts/type1/public/
amsfonts/cm/cmsy8.pfb><C:/Users/Paul/Documents/MikTex/fonts/type1/public/amsfon
ts/cm/cmti10.pfb>
Output written on var_table.pdf (3 pages, 109285 bytes).
PDF statistics:
 44 PDF objects out of 1000 (max. 8388607)
 0 named destinations out of 1000 (max. 500000)
 1 words of extra memory for PDF output out of 10000 (max. 10000000)

